TN:
SF:src/transcriptService.ts
FN:17,(anonymous_0)
FN:19,(anonymous_1)
FN:24,(anonymous_2)
FN:32,(anonymous_3)
FN:48,(anonymous_4)
FN:50,(anonymous_5)
FN:51,(anonymous_6)
FN:58,(anonymous_7)
FN:59,(anonymous_8)
FN:67,(anonymous_9)
FN:80,(anonymous_10)
FN:86,(anonymous_11)
FN:89,(anonymous_12)
FN:96,(anonymous_13)
FN:103,(anonymous_14)
FN:107,(anonymous_15)
FN:112,(anonymous_16)
FN:113,(anonymous_17)
FN:118,(anonymous_18)
FN:120,(anonymous_19)
FNF:20
FNH:20
FNDA:20,(anonymous_0)
FNDA:3,(anonymous_1)
FNDA:20,(anonymous_2)
FNDA:20,(anonymous_3)
FNDA:2,(anonymous_4)
FNDA:6,(anonymous_5)
FNDA:3,(anonymous_6)
FNDA:31,(anonymous_7)
FNDA:29,(anonymous_8)
FNDA:8,(anonymous_9)
FNDA:2,(anonymous_10)
FNDA:5,(anonymous_11)
FNDA:6,(anonymous_12)
FNDA:14,(anonymous_13)
FNDA:1,(anonymous_14)
FNDA:2,(anonymous_15)
FNDA:2,(anonymous_16)
FNDA:2,(anonymous_17)
FNDA:5,(anonymous_18)
FNDA:6,(anonymous_19)
DA:5,2
DA:9,3
DA:16,3
DA:17,20
DA:25,20
DA:33,20
DA:34,20
DA:39,20
DA:40,20
DA:49,2
DA:50,6
DA:51,3
DA:59,31
DA:60,31
DA:61,5
DA:63,26
DA:68,8
DA:70,7
DA:81,2
DA:83,1
DA:87,5
DA:88,5
DA:89,6
DA:90,5
DA:91,1
DA:93,4
DA:97,14
DA:100,13
DA:104,1
DA:108,2
DA:109,2
DA:110,1
DA:112,2
DA:113,2
DA:114,1
DA:115,1
DA:119,5
DA:120,6
LF:38
LH:38
BRDA:59,0,0,29
BRDA:59,0,1,27
BRDA:60,1,0,5
BRDA:60,1,1,26
BRDA:90,2,0,1
BRDA:90,2,1,4
BRDA:109,3,0,1
BRDA:109,3,1,1
BRF:8
BRH:8
end_of_record
