{"/home/jake/Desktop/school/cs4530/lectures/lec3/activity/module03-test-adequacy/src/transcriptService.ts": {"path":"/home/jake/Desktop/school/cs4530/lectures/lec3/activity/module03-test-adequacy/src/transcriptService.ts","statementMap":{"0":{"start":{"line":17,"column":34},"end":{"line":17,"column":55}},"1":{"start":{"line":9,"column":12},"end":{"line":9,"column":null}},"2":{"start":{"line":16,"column":12},"end":{"line":16,"column":35}},"3":{"start":{"line":25,"column":8},"end":{"line":25,"column":46}},"4":{"start":{"line":33,"column":33},"end":{"line":33,"column":46}},"5":{"start":{"line":34,"column":42},"end":{"line":38,"column":10}},"6":{"start":{"line":39,"column":8},"end":{"line":39,"column":null}},"7":{"start":{"line":40,"column":8},"end":{"line":40,"column":null}},"8":{"start":{"line":49,"column":8},"end":{"line":51,"column":null}},"9":{"start":{"line":50,"column":25},"end":{"line":50,"column":54}},"10":{"start":{"line":51,"column":22},"end":{"line":51,"column":33}},"11":{"start":{"line":59,"column":22},"end":{"line":59,"column":106}},"12":{"start":{"line":59,"column":54},"end":{"line":59,"column":105}},"13":{"start":{"line":60,"column":8},"end":{"line":64,"column":9}},"14":{"start":{"line":61,"column":12},"end":{"line":61,"column":78}},"15":{"start":{"line":63,"column":12},"end":{"line":63,"column":null}},"16":{"start":{"line":68,"column":22},"end":{"line":68,"column":52}},"17":{"start":{"line":70,"column":8},"end":{"line":70,"column":null}},"18":{"start":{"line":81,"column":22},"end":{"line":81,"column":52}},"19":{"start":{"line":83,"column":8},"end":{"line":83,"column":42}},"20":{"start":{"line":87,"column":22},"end":{"line":87,"column":59}},"21":{"start":{"line":88,"column":24},"end":{"line":88,"column":55}},"22":{"start":{"line":89,"column":23},"end":{"line":89,"column":65}},"23":{"start":{"line":89,"column":41},"end":{"line":89,"column":64}},"24":{"start":{"line":90,"column":8},"end":{"line":92,"column":9}},"25":{"start":{"line":91,"column":12},"end":{"line":91,"column":114}},"26":{"start":{"line":93,"column":8},"end":{"line":93,"column":28}},"27":{"start":{"line":97,"column":22},"end":{"line":97,"column":59}},"28":{"start":{"line":100,"column":27},"end":{"line":100,"column":101}},"29":{"start":{"line":104,"column":8},"end":{"line":104,"column":32}},"30":{"start":{"line":108,"column":27},"end":{"line":108,"column":69}},"31":{"start":{"line":109,"column":8},"end":{"line":111,"column":9}},"32":{"start":{"line":110,"column":12},"end":{"line":110,"column":68}},"33":{"start":{"line":112,"column":23},"end":{"line":112,"column":59}},"34":{"start":{"line":112,"column":51},"end":{"line":112,"column":58}},"35":{"start":{"line":113,"column":22},"end":{"line":113,"column":67}},"36":{"start":{"line":113,"column":52},"end":{"line":113,"column":63}},"37":{"start":{"line":114,"column":20},"end":{"line":114,"column":41}},"38":{"start":{"line":115,"column":8},"end":{"line":115,"column":24}},"39":{"start":{"line":119,"column":27},"end":{"line":119,"column":69}},"40":{"start":{"line":120,"column":8},"end":{"line":120,"column":69}},"41":{"start":{"line":120,"column":44},"end":{"line":120,"column":67}},"42":{"start":{"line":5,"column":0},"end":{"line":5,"column":21}}},"fnMap":{"0":{"name":"(anonymous_0)","decl":{"start":{"line":17,"column":12},"end":{"line":17,"column":18}},"loc":{"start":{"line":17,"column":18},"end":{"line":17,"column":56}}},"1":{"name":"(anonymous_1)","decl":{"start":{"line":19,"column":4},"end":{"line":19,"column":20}},"loc":{"start":{"line":19,"column":4},"end":{"line":19,"column":21}}},"2":{"name":"(anonymous_2)","decl":{"start":{"line":24,"column":4},"end":{"line":24,"column":14}},"loc":{"start":{"line":24,"column":47},"end":{"line":26,"column":5}}},"3":{"name":"(anonymous_3)","decl":{"start":{"line":32,"column":4},"end":{"line":32,"column":14}},"loc":{"start":{"line":32,"column":30},"end":{"line":41,"column":5}}},"4":{"name":"(anonymous_4)","decl":{"start":{"line":48,"column":4},"end":{"line":48,"column":23}},"loc":{"start":{"line":48,"column":43},"end":{"line":52,"column":5}}},"5":{"name":"(anonymous_5)","decl":{"start":{"line":50,"column":20},"end":{"line":50,"column":21}},"loc":{"start":{"line":50,"column":25},"end":{"line":50,"column":54}}},"6":{"name":"(anonymous_6)","decl":{"start":{"line":51,"column":17},"end":{"line":51,"column":18}},"loc":{"start":{"line":51,"column":22},"end":{"line":51,"column":33}}},"7":{"name":"(anonymous_7)","decl":{"start":{"line":58,"column":4},"end":{"line":58,"column":12}},"loc":{"start":{"line":58,"column":52},"end":{"line":65,"column":5}}},"8":{"name":"(anonymous_8)","decl":{"start":{"line":59,"column":49},"end":{"line":59,"column":50}},"loc":{"start":{"line":59,"column":54},"end":{"line":59,"column":105}}},"9":{"name":"(anonymous_9)","decl":{"start":{"line":67,"column":4},"end":{"line":67,"column":17}},"loc":{"start":{"line":67,"column":57},"end":{"line":71,"column":5}}},"10":{"name":"(anonymous_10)","decl":{"start":{"line":80,"column":4},"end":{"line":80,"column":17}},"loc":{"start":{"line":80,"column":57},"end":{"line":84,"column":5}}},"11":{"name":"(anonymous_11)","decl":{"start":{"line":86,"column":4},"end":{"line":86,"column":12}},"loc":{"start":{"line":86,"column":79},"end":{"line":94,"column":5}}},"12":{"name":"(anonymous_12)","decl":{"start":{"line":89,"column":36},"end":{"line":89,"column":37}},"loc":{"start":{"line":89,"column":41},"end":{"line":89,"column":64}}},"13":{"name":"(anonymous_13)","decl":{"start":{"line":96,"column":4},"end":{"line":96,"column":12}},"loc":{"start":{"line":96,"column":93},"end":{"line":101,"column":5}}},"14":{"name":"(anonymous_14)","decl":{"start":{"line":103,"column":4},"end":{"line":103,"column":10}},"loc":{"start":{"line":103,"column":10},"end":{"line":105,"column":5}}},"15":{"name":"(anonymous_15)","decl":{"start":{"line":107,"column":4},"end":{"line":107,"column":10}},"loc":{"start":{"line":107,"column":57},"end":{"line":116,"column":5}}},"16":{"name":"(anonymous_16)","decl":{"start":{"line":112,"column":46},"end":{"line":112,"column":47}},"loc":{"start":{"line":112,"column":51},"end":{"line":112,"column":58}}},"17":{"name":"(anonymous_17)","decl":{"start":{"line":113,"column":36},"end":{"line":113,"column":37}},"loc":{"start":{"line":113,"column":52},"end":{"line":113,"column":63}}},"18":{"name":"(anonymous_18)","decl":{"start":{"line":118,"column":4},"end":{"line":118,"column":14}},"loc":{"start":{"line":118,"column":81},"end":{"line":121,"column":5}}},"19":{"name":"(anonymous_19)","decl":{"start":{"line":120,"column":39},"end":{"line":120,"column":40}},"loc":{"start":{"line":120,"column":44},"end":{"line":120,"column":67}}}},"branchMap":{"0":{"loc":{"start":{"line":59,"column":54},"end":{"line":59,"column":105}},"type":"binary-expr","locations":[{"start":{"line":59,"column":54},"end":{"line":59,"column":79}},{"start":{"line":59,"column":83},"end":{"line":59,"column":105}}]},"1":{"loc":{"start":{"line":60,"column":8},"end":{"line":64,"column":9}},"type":"if","locations":[{"start":{"line":60,"column":8},"end":{"line":64,"column":9}},{"start":{"line":62,"column":15},"end":{"line":64,"column":9}}]},"2":{"loc":{"start":{"line":90,"column":8},"end":{"line":92,"column":9}},"type":"if","locations":[{"start":{"line":90,"column":8},"end":{"line":92,"column":9}},{"start":{},"end":{}}]},"3":{"loc":{"start":{"line":109,"column":8},"end":{"line":111,"column":9}},"type":"if","locations":[{"start":{"line":109,"column":8},"end":{"line":111,"column":9}},{"start":{},"end":{}}]}},"s":{"0":8,"1":1,"2":1,"3":9,"4":8,"5":8,"6":8,"7":8,"8":2,"9":6,"10":3,"11":11,"12":8,"13":11,"14":3,"15":8,"16":3,"17":2,"18":2,"19":1,"20":1,"21":1,"22":1,"23":1,"24":1,"25":0,"26":1,"27":5,"28":4,"29":1,"30":1,"31":1,"32":0,"33":1,"34":2,"35":1,"36":2,"37":1,"38":1,"39":1,"40":1,"41":1,"42":1},"f":{"0":8,"1":1,"2":9,"3":8,"4":2,"5":6,"6":3,"7":11,"8":8,"9":3,"10":2,"11":1,"12":1,"13":5,"14":1,"15":1,"16":2,"17":2,"18":1,"19":1},"b":{"0":[8,8],"1":[3,8],"2":[0,1],"3":[0,1]}}
}
